2024-11-20 15:03:28,263 - INFO - ====== WebDriver manager ======
2024-11-20 15:03:28,436 - INFO - Get LATEST chromedriver version for google-chrome
2024-11-20 15:03:28,578 - INFO - Get LATEST chromedriver version for google-chrome
2024-11-20 15:03:28,678 - INFO - Driver [/Users/andre/.wdm/drivers/chromedriver/mac64/131.0.6778.85/chromedriver-mac-arm64/chromedriver] found in cache
2024-11-20 15:03:29,282 - INFO - ====== WebDriver manager ======
2024-11-20 15:03:29,479 - INFO - Get LATEST chromedriver version for google-chrome
2024-11-20 15:03:29,570 - INFO - Get LATEST chromedriver version for google-chrome
2024-11-20 15:03:29,684 - INFO - Driver [/Users/andre/.wdm/drivers/chromedriver/mac64/131.0.6778.85/chromedriver-mac-arm64/chromedriver] found in cache
2024-11-20 15:03:30,199 - INFO - ====== WebDriver manager ======
2024-11-20 15:03:30,401 - INFO - Get LATEST chromedriver version for google-chrome
2024-11-20 15:03:30,488 - INFO - Get LATEST chromedriver version for google-chrome
2024-11-20 15:03:30,582 - INFO - Driver [/Users/andre/.wdm/drivers/chromedriver/mac64/131.0.6778.85/chromedriver-mac-arm64/chromedriver] found in cache
2024-11-20 15:03:31,101 - INFO - ====== WebDriver manager ======
2024-11-20 15:03:31,256 - INFO - Get LATEST chromedriver version for google-chrome
2024-11-20 15:03:31,347 - INFO - Get LATEST chromedriver version for google-chrome
2024-11-20 15:03:31,448 - INFO - Driver [/Users/andre/.wdm/drivers/chromedriver/mac64/131.0.6778.85/chromedriver-mac-arm64/chromedriver] found in cache
2024-11-20 15:03:31,986 - INFO - ====== WebDriver manager ======
2024-11-20 15:03:32,175 - INFO - Get LATEST chromedriver version for google-chrome
2024-11-20 15:03:32,265 - INFO - Get LATEST chromedriver version for google-chrome
2024-11-20 15:03:32,391 - INFO - Driver [/Users/andre/.wdm/drivers/chromedriver/mac64/131.0.6778.85/chromedriver-mac-arm64/chromedriver] found in cache
2024-11-20 15:03:32,898 - INFO - ====== WebDriver manager ======
2024-11-20 15:03:33,050 - INFO - Get LATEST chromedriver version for google-chrome
2024-11-20 15:03:33,138 - INFO - Get LATEST chromedriver version for google-chrome
2024-11-20 15:03:33,227 - INFO - Driver [/Users/andre/.wdm/drivers/chromedriver/mac64/131.0.6778.85/chromedriver-mac-arm64/chromedriver] found in cache
2024-11-20 15:03:33,750 - INFO - ====== WebDriver manager ======
2024-11-20 15:03:33,951 - INFO - Get LATEST chromedriver version for google-chrome
2024-11-20 15:03:34,061 - INFO - Get LATEST chromedriver version for google-chrome
2024-11-20 15:03:34,176 - INFO - Driver [/Users/andre/.wdm/drivers/chromedriver/mac64/131.0.6778.85/chromedriver-mac-arm64/chromedriver] found in cache
2024-11-20 15:03:34,910 - INFO - ====== WebDriver manager ======
2024-11-20 15:03:35,200 - INFO - Get LATEST chromedriver version for google-chrome
2024-11-20 15:03:35,292 - INFO - Get LATEST chromedriver version for google-chrome
2024-11-20 15:03:35,383 - INFO - Driver [/Users/andre/.wdm/drivers/chromedriver/mac64/131.0.6778.85/chromedriver-mac-arm64/chromedriver] found in cache
2024-11-20 15:03:35,893 - INFO - ====== WebDriver manager ======
2024-11-20 15:03:36,051 - INFO - Get LATEST chromedriver version for google-chrome
2024-11-20 15:03:36,134 - INFO - Get LATEST chromedriver version for google-chrome
2024-11-20 15:03:36,223 - INFO - Driver [/Users/andre/.wdm/drivers/chromedriver/mac64/131.0.6778.85/chromedriver-mac-arm64/chromedriver] found in cache
2024-11-20 15:03:36,737 - INFO - ====== WebDriver manager ======
2024-11-20 15:03:36,936 - INFO - Get LATEST chromedriver version for google-chrome
2024-11-20 15:03:37,032 - INFO - Get LATEST chromedriver version for google-chrome
2024-11-20 15:03:37,124 - INFO - Driver [/Users/andre/.wdm/drivers/chromedriver/mac64/131.0.6778.85/chromedriver-mac-arm64/chromedriver] found in cache
2024-11-20 15:03:37,640 - INFO - ====== WebDriver manager ======
2024-11-20 15:03:37,851 - INFO - Get LATEST chromedriver version for google-chrome
2024-11-20 15:03:37,948 - INFO - Get LATEST chromedriver version for google-chrome
2024-11-20 15:03:38,039 - INFO - Driver [/Users/andre/.wdm/drivers/chromedriver/mac64/131.0.6778.85/chromedriver-mac-arm64/chromedriver] found in cache
2024-11-20 15:04:52,335 - INFO - ====== WebDriver manager ======
2024-11-20 15:04:52,506 - INFO - Get LATEST chromedriver version for google-chrome
2024-11-20 15:04:52,629 - INFO - Get LATEST chromedriver version for google-chrome
2024-11-20 15:04:52,719 - INFO - Driver [/Users/andre/.wdm/drivers/chromedriver/mac64/131.0.6778.85/chromedriver-mac-arm64/chromedriver] found in cache
2024-11-20 15:04:53,340 - INFO - ====== WebDriver manager ======
2024-11-20 15:04:53,540 - INFO - Get LATEST chromedriver version for google-chrome
2024-11-20 15:04:53,622 - INFO - Get LATEST chromedriver version for google-chrome
2024-11-20 15:04:53,732 - INFO - Driver [/Users/andre/.wdm/drivers/chromedriver/mac64/131.0.6778.85/chromedriver-mac-arm64/chromedriver] found in cache
2024-11-20 15:04:54,241 - INFO - ====== WebDriver manager ======
2024-11-20 15:04:54,450 - INFO - Get LATEST chromedriver version for google-chrome
2024-11-20 15:04:54,549 - INFO - Get LATEST chromedriver version for google-chrome
2024-11-20 15:04:54,643 - INFO - Driver [/Users/andre/.wdm/drivers/chromedriver/mac64/131.0.6778.85/chromedriver-mac-arm64/chromedriver] found in cache
2024-11-20 15:04:55,152 - INFO - ====== WebDriver manager ======
2024-11-20 15:04:55,377 - INFO - Get LATEST chromedriver version for google-chrome
2024-11-20 15:04:55,475 - INFO - Get LATEST chromedriver version for google-chrome
2024-11-20 15:04:55,574 - INFO - Driver [/Users/andre/.wdm/drivers/chromedriver/mac64/131.0.6778.85/chromedriver-mac-arm64/chromedriver] found in cache
2024-11-20 15:04:56,092 - INFO - ====== WebDriver manager ======
2024-11-20 15:04:56,239 - INFO - Get LATEST chromedriver version for google-chrome
2024-11-20 15:04:56,324 - INFO - Get LATEST chromedriver version for google-chrome
2024-11-20 15:04:56,416 - INFO - Driver [/Users/andre/.wdm/drivers/chromedriver/mac64/131.0.6778.85/chromedriver-mac-arm64/chromedriver] found in cache
2024-11-20 15:04:56,930 - INFO - ====== WebDriver manager ======
2024-11-20 15:04:57,131 - INFO - Get LATEST chromedriver version for google-chrome
2024-11-20 15:04:57,227 - INFO - Get LATEST chromedriver version for google-chrome
2024-11-20 15:04:57,326 - INFO - Driver [/Users/andre/.wdm/drivers/chromedriver/mac64/131.0.6778.85/chromedriver-mac-arm64/chromedriver] found in cache
2024-11-20 15:04:57,837 - INFO - ====== WebDriver manager ======
2024-11-20 15:04:57,994 - INFO - Get LATEST chromedriver version for google-chrome
2024-11-20 15:04:58,098 - INFO - Get LATEST chromedriver version for google-chrome
2024-11-20 15:04:58,215 - INFO - Driver [/Users/andre/.wdm/drivers/chromedriver/mac64/131.0.6778.85/chromedriver-mac-arm64/chromedriver] found in cache
2024-11-20 15:04:58,729 - INFO - ====== WebDriver manager ======
2024-11-20 15:04:58,924 - INFO - Get LATEST chromedriver version for google-chrome
2024-11-20 15:04:59,016 - INFO - Get LATEST chromedriver version for google-chrome
2024-11-20 15:04:59,113 - INFO - Driver [/Users/andre/.wdm/drivers/chromedriver/mac64/131.0.6778.85/chromedriver-mac-arm64/chromedriver] found in cache
2024-11-20 15:04:59,640 - INFO - ====== WebDriver manager ======
2024-11-20 15:04:59,848 - INFO - Get LATEST chromedriver version for google-chrome
2024-11-20 15:04:59,953 - INFO - Get LATEST chromedriver version for google-chrome
2024-11-20 15:05:00,053 - INFO - Driver [/Users/andre/.wdm/drivers/chromedriver/mac64/131.0.6778.85/chromedriver-mac-arm64/chromedriver] found in cache
2024-11-20 15:05:00,576 - INFO - ====== WebDriver manager ======
2024-11-20 15:05:00,787 - INFO - Get LATEST chromedriver version for google-chrome
2024-11-20 15:05:00,876 - INFO - Get LATEST chromedriver version for google-chrome
2024-11-20 15:05:00,965 - INFO - Driver [/Users/andre/.wdm/drivers/chromedriver/mac64/131.0.6778.85/chromedriver-mac-arm64/chromedriver] found in cache
2024-11-20 15:05:01,282 - INFO - ====== WebDriver manager ======
2024-11-20 15:05:01,486 - INFO - Get LATEST chromedriver version for google-chrome
2024-11-20 15:05:01,569 - INFO - Get LATEST chromedriver version for google-chrome
2024-11-20 15:05:01,662 - INFO - Driver [/Users/andre/.wdm/drivers/chromedriver/mac64/131.0.6778.85/chromedriver-mac-arm64/chromedriver] found in cache
2024-11-20 15:06:20,172 - INFO - Starting fresh processing.
2024-11-20 15:06:23,941 - INFO - Saved progress: 1 entries processed
2024-11-20 15:07:00,453 - INFO - Saved progress: 11 entries processed
2024-11-20 15:07:36,301 - INFO - Saved progress: 21 entries processed
2024-11-20 15:08:10,816 - INFO - Saved progress: 31 entries processed
2024-11-20 15:08:44,115 - INFO - Saved progress: 41 entries processed
2024-11-20 15:09:18,974 - INFO - Saved progress: 51 entries processed
2024-11-20 15:09:54,087 - INFO - Saved progress: 61 entries processed
2024-11-20 15:12:53,824 - INFO - Starting fresh processing.
2024-11-20 15:12:53,828 - INFO - Starting to process 2580 entries
2024-11-20 15:14:04,644 - ERROR - Error scraping https://www.grants.gov/search-results-detail/357246: Message: 
Stacktrace:
0   chromedriver                        0x0000000102b33ac4 cxxbridge1$str$ptr + 3651580
1   chromedriver                        0x0000000102b2c314 cxxbridge1$str$ptr + 3620940
2   chromedriver                        0x00000001025944b4 cxxbridge1$string$len + 89224
3   chromedriver                        0x00000001025d8898 cxxbridge1$string$len + 368748
4   chromedriver                        0x00000001026120fc cxxbridge1$string$len + 604368
5   chromedriver                        0x00000001025cd0b0 cxxbridge1$string$len + 321668
6   chromedriver                        0x00000001025cdd00 cxxbridge1$string$len + 324820
7   chromedriver                        0x0000000102afee08 cxxbridge1$str$ptr + 3435328
8   chromedriver                        0x0000000102b02120 cxxbridge1$str$ptr + 3448408
9   chromedriver                        0x0000000102ae617c cxxbridge1$str$ptr + 3333812
10  chromedriver                        0x0000000102b029e0 cxxbridge1$str$ptr + 3450648
11  chromedriver                        0x0000000102ad7988 cxxbridge1$str$ptr + 3274432
12  chromedriver                        0x0000000102b1d0f4 cxxbridge1$str$ptr + 3558956
13  chromedriver                        0x0000000102b1d270 cxxbridge1$str$ptr + 3559336
14  chromedriver                        0x0000000102b2bf88 cxxbridge1$str$ptr + 3620032
15  libsystem_pthread.dylib             0x0000000182a2f2e4 _pthread_start + 136
16  libsystem_pthread.dylib             0x0000000182a2a0fc thread_start + 8

2024-11-20 15:14:08,846 - ERROR - Error scraping https://www.grants.gov/search-results-detail/357133: Message: 
Stacktrace:
0   chromedriver                        0x00000001008afac4 cxxbridge1$str$ptr + 3651580
1   chromedriver                        0x00000001008a8314 cxxbridge1$str$ptr + 3620940
2   chromedriver                        0x00000001003104b4 cxxbridge1$string$len + 89224
3   chromedriver                        0x0000000100354898 cxxbridge1$string$len + 368748
4   chromedriver                        0x000000010038e0fc cxxbridge1$string$len + 604368
5   chromedriver                        0x00000001003490b0 cxxbridge1$string$len + 321668
6   chromedriver                        0x0000000100349d00 cxxbridge1$string$len + 324820
7   chromedriver                        0x000000010087ae08 cxxbridge1$str$ptr + 3435328
8   chromedriver                        0x000000010087e120 cxxbridge1$str$ptr + 3448408
9   chromedriver                        0x000000010086217c cxxbridge1$str$ptr + 3333812
10  chromedriver                        0x000000010087e9e0 cxxbridge1$str$ptr + 3450648
11  chromedriver                        0x0000000100853988 cxxbridge1$str$ptr + 3274432
12  chromedriver                        0x00000001008990f4 cxxbridge1$str$ptr + 3558956
13  chromedriver                        0x0000000100899270 cxxbridge1$str$ptr + 3559336
14  chromedriver                        0x00000001008a7f88 cxxbridge1$str$ptr + 3620032
15  libsystem_pthread.dylib             0x0000000182a2f2e4 _pthread_start + 136
16  libsystem_pthread.dylib             0x0000000182a2a0fc thread_start + 8

2024-11-20 15:14:08,851 - ERROR - Error scraping https://www.grants.gov/search-results-detail/357214: Message: 
Stacktrace:
0   chromedriver                        0x0000000102e6bac4 cxxbridge1$str$ptr + 3651580
1   chromedriver                        0x0000000102e64314 cxxbridge1$str$ptr + 3620940
2   chromedriver                        0x00000001028cc4b4 cxxbridge1$string$len + 89224
3   chromedriver                        0x0000000102910898 cxxbridge1$string$len + 368748
4   chromedriver                        0x000000010294a0fc cxxbridge1$string$len + 604368
5   chromedriver                        0x00000001029050b0 cxxbridge1$string$len + 321668
6   chromedriver                        0x0000000102905d00 cxxbridge1$string$len + 324820
7   chromedriver                        0x0000000102e36e08 cxxbridge1$str$ptr + 3435328
8   chromedriver                        0x0000000102e3a120 cxxbridge1$str$ptr + 3448408
9   chromedriver                        0x0000000102e1e17c cxxbridge1$str$ptr + 3333812
10  chromedriver                        0x0000000102e3a9e0 cxxbridge1$str$ptr + 3450648
11  chromedriver                        0x0000000102e0f988 cxxbridge1$str$ptr + 3274432
12  chromedriver                        0x0000000102e550f4 cxxbridge1$str$ptr + 3558956
13  chromedriver                        0x0000000102e55270 cxxbridge1$str$ptr + 3559336
14  chromedriver                        0x0000000102e63f88 cxxbridge1$str$ptr + 3620032
15  libsystem_pthread.dylib             0x0000000182a2f2e4 _pthread_start + 136
16  libsystem_pthread.dylib             0x0000000182a2a0fc thread_start + 8

2024-11-20 15:14:08,847 - ERROR - Error scraping https://www.grants.gov/search-results-detail/357180: Message: 
Stacktrace:
0   chromedriver                        0x00000001009b7ac4 cxxbridge1$str$ptr + 3651580
1   chromedriver                        0x00000001009b0314 cxxbridge1$str$ptr + 3620940
2   chromedriver                        0x00000001004184b4 cxxbridge1$string$len + 89224
3   chromedriver                        0x000000010045c898 cxxbridge1$string$len + 368748
4   chromedriver                        0x00000001004960fc cxxbridge1$string$len + 604368
5   chromedriver                        0x00000001004510b0 cxxbridge1$string$len + 321668
6   chromedriver                        0x0000000100451d00 cxxbridge1$string$len + 324820
7   chromedriver                        0x0000000100982e08 cxxbridge1$str$ptr + 3435328
8   chromedriver                        0x0000000100986120 cxxbridge1$str$ptr + 3448408
9   chromedriver                        0x000000010096a17c cxxbridge1$str$ptr + 3333812
10  chromedriver                        0x00000001009869e0 cxxbridge1$str$ptr + 3450648
11  chromedriver                        0x000000010095b988 cxxbridge1$str$ptr + 3274432
12  chromedriver                        0x00000001009a10f4 cxxbridge1$str$ptr + 3558956
13  chromedriver                        0x00000001009a1270 cxxbridge1$str$ptr + 3559336
14  chromedriver                        0x00000001009aff88 cxxbridge1$str$ptr + 3620032
15  libsystem_pthread.dylib             0x0000000182a2f2e4 _pthread_start + 136
16  libsystem_pthread.dylib             0x0000000182a2a0fc thread_start + 8

2024-11-20 15:14:08,847 - ERROR - Error scraping https://www.grants.gov/search-results-detail/357203: Message: 
Stacktrace:
0   chromedriver                        0x00000001014c7ac4 cxxbridge1$str$ptr + 3651580
1   chromedriver                        0x00000001014c0314 cxxbridge1$str$ptr + 3620940
2   chromedriver                        0x0000000100f284b4 cxxbridge1$string$len + 89224
3   chromedriver                        0x0000000100f6c898 cxxbridge1$string$len + 368748
4   chromedriver                        0x0000000100fa60fc cxxbridge1$string$len + 604368
5   chromedriver                        0x0000000100f610b0 cxxbridge1$string$len + 321668
6   chromedriver                        0x0000000100f61d00 cxxbridge1$string$len + 324820
7   chromedriver                        0x0000000101492e08 cxxbridge1$str$ptr + 3435328
8   chromedriver                        0x0000000101496120 cxxbridge1$str$ptr + 3448408
9   chromedriver                        0x000000010147a17c cxxbridge1$str$ptr + 3333812
10  chromedriver                        0x00000001014969e0 cxxbridge1$str$ptr + 3450648
11  chromedriver                        0x000000010146b988 cxxbridge1$str$ptr + 3274432
12  chromedriver                        0x00000001014b10f4 cxxbridge1$str$ptr + 3558956
13  chromedriver                        0x00000001014b1270 cxxbridge1$str$ptr + 3559336
14  chromedriver                        0x00000001014bff88 cxxbridge1$str$ptr + 3620032
15  libsystem_pthread.dylib             0x0000000182a2f2e4 _pthread_start + 136
16  libsystem_pthread.dylib             0x0000000182a2a0fc thread_start + 8

2024-11-20 15:14:08,852 - ERROR - Error scraping https://www.grants.gov/search-results-detail/357155: Message: 
Stacktrace:
0   chromedriver                        0x0000000104627ac4 cxxbridge1$str$ptr + 3651580
1   chromedriver                        0x0000000104620314 cxxbridge1$str$ptr + 3620940
2   chromedriver                        0x00000001040884b4 cxxbridge1$string$len + 89224
3   chromedriver                        0x00000001040cc898 cxxbridge1$string$len + 368748
4   chromedriver                        0x00000001041060fc cxxbridge1$string$len + 604368
5   chromedriver                        0x00000001040c10b0 cxxbridge1$string$len + 321668
6   chromedriver                        0x00000001040c1d00 cxxbridge1$string$len + 324820
7   chromedriver                        0x00000001045f2e08 cxxbridge1$str$ptr + 3435328
8   chromedriver                        0x00000001045f6120 cxxbridge1$str$ptr + 3448408
9   chromedriver                        0x00000001045da17c cxxbridge1$str$ptr + 3333812
10  chromedriver                        0x00000001045f69e0 cxxbridge1$str$ptr + 3450648
11  chromedriver                        0x00000001045cb988 cxxbridge1$str$ptr + 3274432
12  chromedriver                        0x00000001046110f4 cxxbridge1$str$ptr + 3558956
13  chromedriver                        0x0000000104611270 cxxbridge1$str$ptr + 3559336
14  chromedriver                        0x000000010461ff88 cxxbridge1$str$ptr + 3620032
15  libsystem_pthread.dylib             0x0000000182a2f2e4 _pthread_start + 136
16  libsystem_pthread.dylib             0x0000000182a2a0fc thread_start + 8

2024-11-20 15:14:08,852 - ERROR - Error scraping https://www.grants.gov/search-results-detail/357229: Message: 
Stacktrace:
0   chromedriver                        0x0000000101147ac4 cxxbridge1$str$ptr + 3651580
1   chromedriver                        0x0000000101140314 cxxbridge1$str$ptr + 3620940
2   chromedriver                        0x0000000100ba84b4 cxxbridge1$string$len + 89224
3   chromedriver                        0x0000000100bec898 cxxbridge1$string$len + 368748
4   chromedriver                        0x0000000100c260fc cxxbridge1$string$len + 604368
5   chromedriver                        0x0000000100be10b0 cxxbridge1$string$len + 321668
6   chromedriver                        0x0000000100be1d00 cxxbridge1$string$len + 324820
7   chromedriver                        0x0000000101112e08 cxxbridge1$str$ptr + 3435328
8   chromedriver                        0x0000000101116120 cxxbridge1$str$ptr + 3448408
9   chromedriver                        0x00000001010fa17c cxxbridge1$str$ptr + 3333812
10  chromedriver                        0x00000001011169e0 cxxbridge1$str$ptr + 3450648
11  chromedriver                        0x00000001010eb988 cxxbridge1$str$ptr + 3274432
12  chromedriver                        0x00000001011310f4 cxxbridge1$str$ptr + 3558956
13  chromedriver                        0x0000000101131270 cxxbridge1$str$ptr + 3559336
14  chromedriver                        0x000000010113ff88 cxxbridge1$str$ptr + 3620032
15  libsystem_pthread.dylib             0x0000000182a2f2e4 _pthread_start + 136
16  libsystem_pthread.dylib             0x0000000182a2a0fc thread_start + 8

2024-11-20 15:14:08,851 - ERROR - Error scraping https://www.grants.gov/search-results-detail/357205: Message: 
Stacktrace:
0   chromedriver                        0x0000000100a8bac4 cxxbridge1$str$ptr + 3651580
1   chromedriver                        0x0000000100a84314 cxxbridge1$str$ptr + 3620940
2   chromedriver                        0x00000001004ec4b4 cxxbridge1$string$len + 89224
3   chromedriver                        0x0000000100530898 cxxbridge1$string$len + 368748
4   chromedriver                        0x000000010056a0fc cxxbridge1$string$len + 604368
5   chromedriver                        0x00000001005250b0 cxxbridge1$string$len + 321668
6   chromedriver                        0x0000000100525d00 cxxbridge1$string$len + 324820
7   chromedriver                        0x0000000100a56e08 cxxbridge1$str$ptr + 3435328
8   chromedriver                        0x0000000100a5a120 cxxbridge1$str$ptr + 3448408
9   chromedriver                        0x0000000100a3e17c cxxbridge1$str$ptr + 3333812
10  chromedriver                        0x0000000100a5a9e0 cxxbridge1$str$ptr + 3450648
11  chromedriver                        0x0000000100a2f988 cxxbridge1$str$ptr + 3274432
12  chromedriver                        0x0000000100a750f4 cxxbridge1$str$ptr + 3558956
13  chromedriver                        0x0000000100a75270 cxxbridge1$str$ptr + 3559336
14  chromedriver                        0x0000000100a83f88 cxxbridge1$str$ptr + 3620032
15  libsystem_pthread.dylib             0x0000000182a2f2e4 _pthread_start + 136
16  libsystem_pthread.dylib             0x0000000182a2a0fc thread_start + 8

2024-11-20 15:14:09,286 - ERROR - Error scraping https://www.grants.gov/search-results-detail/357184: Message: 
Stacktrace:
0   chromedriver                        0x00000001050e3ac4 cxxbridge1$str$ptr + 3651580
1   chromedriver                        0x00000001050dc314 cxxbridge1$str$ptr + 3620940
2   chromedriver                        0x0000000104b444b4 cxxbridge1$string$len + 89224
3   chromedriver                        0x0000000104b88898 cxxbridge1$string$len + 368748
4   chromedriver                        0x0000000104bc20fc cxxbridge1$string$len + 604368
5   chromedriver                        0x0000000104b7d0b0 cxxbridge1$string$len + 321668
6   chromedriver                        0x0000000104b7dd00 cxxbridge1$string$len + 324820
7   chromedriver                        0x00000001050aee08 cxxbridge1$str$ptr + 3435328
8   chromedriver                        0x00000001050b2120 cxxbridge1$str$ptr + 3448408
9   chromedriver                        0x000000010509617c cxxbridge1$str$ptr + 3333812
10  chromedriver                        0x00000001050b29e0 cxxbridge1$str$ptr + 3450648
11  chromedriver                        0x0000000105087988 cxxbridge1$str$ptr + 3274432
12  chromedriver                        0x00000001050cd0f4 cxxbridge1$str$ptr + 3558956
13  chromedriver                        0x00000001050cd270 cxxbridge1$str$ptr + 3559336
14  chromedriver                        0x00000001050dbf88 cxxbridge1$str$ptr + 3620032
15  libsystem_pthread.dylib             0x0000000182a2f2e4 _pthread_start + 136
16  libsystem_pthread.dylib             0x0000000182a2a0fc thread_start + 8

2024-11-20 15:17:37,942 - ERROR - Error scraping https://www.grants.gov/search-results-detail/355478: Message: stale element reference: stale element not found in the current frame
  (Session info: chrome=131.0.6778.71); For documentation on this error, please visit: https://www.selenium.dev/documentation/webdriver/troubleshooting/errors#stale-element-reference-exception
Stacktrace:
0   chromedriver                        0x00000001050e3ac4 cxxbridge1$str$ptr + 3651580
1   chromedriver                        0x00000001050dc314 cxxbridge1$str$ptr + 3620940
2   chromedriver                        0x0000000104b444b4 cxxbridge1$string$len + 89224
3   chromedriver                        0x0000000104b49398 cxxbridge1$string$len + 109420
4   chromedriver                        0x0000000104b4b3e8 cxxbridge1$string$len + 117692
5   chromedriver                        0x0000000104b4b490 cxxbridge1$string$len + 117860
6   chromedriver                        0x0000000104b885dc cxxbridge1$string$len + 368048
7   chromedriver                        0x0000000104b7ea10 cxxbridge1$string$len + 328164
8   chromedriver                        0x0000000104bc20fc cxxbridge1$string$len + 604368
9   chromedriver                        0x0000000104b7d0b0 cxxbridge1$string$len + 321668
10  chromedriver                        0x0000000104b7dd00 cxxbridge1$string$len + 324820
11  chromedriver                        0x00000001050aee08 cxxbridge1$str$ptr + 3435328
12  chromedriver                        0x00000001050b2120 cxxbridge1$str$ptr + 3448408
13  chromedriver                        0x000000010509617c cxxbridge1$str$ptr + 3333812
14  chromedriver                        0x00000001050b29e0 cxxbridge1$str$ptr + 3450648
15  chromedriver                        0x0000000105087988 cxxbridge1$str$ptr + 3274432
16  chromedriver                        0x00000001050cd0f4 cxxbridge1$str$ptr + 3558956
17  chromedriver                        0x00000001050cd270 cxxbridge1$str$ptr + 3559336
18  chromedriver                        0x00000001050dbf88 cxxbridge1$str$ptr + 3620032
19  libsystem_pthread.dylib             0x0000000182a2f2e4 _pthread_start + 136
20  libsystem_pthread.dylib             0x0000000182a2a0fc thread_start + 8

2024-11-20 15:18:16,574 - ERROR - Error scraping https://www.grants.gov/search-results-detail/350428: Message: 
Stacktrace:
0   chromedriver                        0x00000001008afac4 cxxbridge1$str$ptr + 3651580
1   chromedriver                        0x00000001008a8314 cxxbridge1$str$ptr + 3620940
2   chromedriver                        0x00000001003104b4 cxxbridge1$string$len + 89224
3   chromedriver                        0x0000000100354898 cxxbridge1$string$len + 368748
4   chromedriver                        0x000000010038e0fc cxxbridge1$string$len + 604368
5   chromedriver                        0x00000001003490b0 cxxbridge1$string$len + 321668
6   chromedriver                        0x0000000100349d00 cxxbridge1$string$len + 324820
7   chromedriver                        0x000000010087ae08 cxxbridge1$str$ptr + 3435328
8   chromedriver                        0x000000010087e120 cxxbridge1$str$ptr + 3448408
9   chromedriver                        0x000000010086217c cxxbridge1$str$ptr + 3333812
10  chromedriver                        0x000000010087e9e0 cxxbridge1$str$ptr + 3450648
11  chromedriver                        0x0000000100853988 cxxbridge1$str$ptr + 3274432
12  chromedriver                        0x00000001008990f4 cxxbridge1$str$ptr + 3558956
13  chromedriver                        0x0000000100899270 cxxbridge1$str$ptr + 3559336
14  chromedriver                        0x00000001008a7f88 cxxbridge1$str$ptr + 3620032
15  libsystem_pthread.dylib             0x0000000182a2f2e4 _pthread_start + 136
16  libsystem_pthread.dylib             0x0000000182a2a0fc thread_start + 8

2024-11-20 15:19:47,310 - ERROR - Error scraping https://www.grants.gov/search-results-detail/350051: Message: 
Stacktrace:
0   chromedriver                        0x00000001008afac4 cxxbridge1$str$ptr + 3651580
1   chromedriver                        0x00000001008a8314 cxxbridge1$str$ptr + 3620940
2   chromedriver                        0x00000001003104b4 cxxbridge1$string$len + 89224
3   chromedriver                        0x0000000100354898 cxxbridge1$string$len + 368748
4   chromedriver                        0x000000010038e0fc cxxbridge1$string$len + 604368
5   chromedriver                        0x00000001003490b0 cxxbridge1$string$len + 321668
6   chromedriver                        0x0000000100349d00 cxxbridge1$string$len + 324820
7   chromedriver                        0x000000010087ae08 cxxbridge1$str$ptr + 3435328
8   chromedriver                        0x000000010087e120 cxxbridge1$str$ptr + 3448408
9   chromedriver                        0x000000010086217c cxxbridge1$str$ptr + 3333812
10  chromedriver                        0x000000010087e9e0 cxxbridge1$str$ptr + 3450648
11  chromedriver                        0x0000000100853988 cxxbridge1$str$ptr + 3274432
12  chromedriver                        0x00000001008990f4 cxxbridge1$str$ptr + 3558956
13  chromedriver                        0x0000000100899270 cxxbridge1$str$ptr + 3559336
14  chromedriver                        0x00000001008a7f88 cxxbridge1$str$ptr + 3620032
15  libsystem_pthread.dylib             0x0000000182a2f2e4 _pthread_start + 136
16  libsystem_pthread.dylib             0x0000000182a2a0fc thread_start + 8

2024-11-20 15:19:50,222 - ERROR - Error scraping https://www.grants.gov/search-results-detail/349656: Message: 
Stacktrace:
0   chromedriver                        0x00000001050e3ac4 cxxbridge1$str$ptr + 3651580
1   chromedriver                        0x00000001050dc314 cxxbridge1$str$ptr + 3620940
2   chromedriver                        0x0000000104b444b4 cxxbridge1$string$len + 89224
3   chromedriver                        0x0000000104b88898 cxxbridge1$string$len + 368748
4   chromedriver                        0x0000000104bc20fc cxxbridge1$string$len + 604368
5   chromedriver                        0x0000000104b7d0b0 cxxbridge1$string$len + 321668
6   chromedriver                        0x0000000104b7dd00 cxxbridge1$string$len + 324820
7   chromedriver                        0x00000001050aee08 cxxbridge1$str$ptr + 3435328
8   chromedriver                        0x00000001050b2120 cxxbridge1$str$ptr + 3448408
9   chromedriver                        0x000000010509617c cxxbridge1$str$ptr + 3333812
10  chromedriver                        0x00000001050b29e0 cxxbridge1$str$ptr + 3450648
11  chromedriver                        0x0000000105087988 cxxbridge1$str$ptr + 3274432
12  chromedriver                        0x00000001050cd0f4 cxxbridge1$str$ptr + 3558956
13  chromedriver                        0x00000001050cd270 cxxbridge1$str$ptr + 3559336
14  chromedriver                        0x00000001050dbf88 cxxbridge1$str$ptr + 3620032
15  libsystem_pthread.dylib             0x0000000182a2f2e4 _pthread_start + 136
16  libsystem_pthread.dylib             0x0000000182a2a0fc thread_start + 8

2024-11-20 15:19:50,228 - ERROR - Error scraping https://www.grants.gov/search-results-detail/349876: Message: 
Stacktrace:
0   chromedriver                        0x00000001014c7ac4 cxxbridge1$str$ptr + 3651580
1   chromedriver                        0x00000001014c0314 cxxbridge1$str$ptr + 3620940
2   chromedriver                        0x0000000100f284b4 cxxbridge1$string$len + 89224
3   chromedriver                        0x0000000100f6c898 cxxbridge1$string$len + 368748
4   chromedriver                        0x0000000100fa60fc cxxbridge1$string$len + 604368
5   chromedriver                        0x0000000100f610b0 cxxbridge1$string$len + 321668
6   chromedriver                        0x0000000100f61d00 cxxbridge1$string$len + 324820
7   chromedriver                        0x0000000101492e08 cxxbridge1$str$ptr + 3435328
8   chromedriver                        0x0000000101496120 cxxbridge1$str$ptr + 3448408
9   chromedriver                        0x000000010147a17c cxxbridge1$str$ptr + 3333812
10  chromedriver                        0x00000001014969e0 cxxbridge1$str$ptr + 3450648
11  chromedriver                        0x000000010146b988 cxxbridge1$str$ptr + 3274432
12  chromedriver                        0x00000001014b10f4 cxxbridge1$str$ptr + 3558956
13  chromedriver                        0x00000001014b1270 cxxbridge1$str$ptr + 3559336
14  chromedriver                        0x00000001014bff88 cxxbridge1$str$ptr + 3620032
15  libsystem_pthread.dylib             0x0000000182a2f2e4 _pthread_start + 136
16  libsystem_pthread.dylib             0x0000000182a2a0fc thread_start + 8

2024-11-20 15:19:50,233 - ERROR - Error scraping https://www.grants.gov/search-results-detail/349958: Message: 
Stacktrace:
0   chromedriver                        0x00000001031e7ac4 cxxbridge1$str$ptr + 3651580
1   chromedriver                        0x00000001031e0314 cxxbridge1$str$ptr + 3620940
2   chromedriver                        0x0000000102c484b4 cxxbridge1$string$len + 89224
3   chromedriver                        0x0000000102c8c898 cxxbridge1$string$len + 368748
4   chromedriver                        0x0000000102cc60fc cxxbridge1$string$len + 604368
5   chromedriver                        0x0000000102c810b0 cxxbridge1$string$len + 321668
6   chromedriver                        0x0000000102c81d00 cxxbridge1$string$len + 324820
7   chromedriver                        0x00000001031b2e08 cxxbridge1$str$ptr + 3435328
8   chromedriver                        0x00000001031b6120 cxxbridge1$str$ptr + 3448408
9   chromedriver                        0x000000010319a17c cxxbridge1$str$ptr + 3333812
10  chromedriver                        0x00000001031b69e0 cxxbridge1$str$ptr + 3450648
11  chromedriver                        0x000000010318b988 cxxbridge1$str$ptr + 3274432
12  chromedriver                        0x00000001031d10f4 cxxbridge1$str$ptr + 3558956
13  chromedriver                        0x00000001031d1270 cxxbridge1$str$ptr + 3559336
14  chromedriver                        0x00000001031dff88 cxxbridge1$str$ptr + 3620032
15  libsystem_pthread.dylib             0x0000000182a2f2e4 _pthread_start + 136
16  libsystem_pthread.dylib             0x0000000182a2a0fc thread_start + 8

2024-11-20 15:21:22,241 - ERROR - Error scraping https://www.grants.gov/search-results-detail/338333: Message: stale element reference: stale element not found in the current frame
  (Session info: chrome=131.0.6778.71); For documentation on this error, please visit: https://www.selenium.dev/documentation/webdriver/troubleshooting/errors#stale-element-reference-exception
Stacktrace:
0   chromedriver                        0x0000000100a8bac4 cxxbridge1$str$ptr + 3651580
1   chromedriver                        0x0000000100a84314 cxxbridge1$str$ptr + 3620940
2   chromedriver                        0x00000001004ec4b4 cxxbridge1$string$len + 89224
3   chromedriver                        0x00000001004f1398 cxxbridge1$string$len + 109420
4   chromedriver                        0x00000001004f33e8 cxxbridge1$string$len + 117692
5   chromedriver                        0x00000001004f3490 cxxbridge1$string$len + 117860
6   chromedriver                        0x000000010052ba5c cxxbridge1$string$len + 348720
7   chromedriver                        0x0000000100526a10 cxxbridge1$string$len + 328164
8   chromedriver                        0x000000010056a0fc cxxbridge1$string$len + 604368
9   chromedriver                        0x00000001005250b0 cxxbridge1$string$len + 321668
10  chromedriver                        0x0000000100525d00 cxxbridge1$string$len + 324820
11  chromedriver                        0x0000000100a56e08 cxxbridge1$str$ptr + 3435328
12  chromedriver                        0x0000000100a5a120 cxxbridge1$str$ptr + 3448408
13  chromedriver                        0x0000000100a3e17c cxxbridge1$str$ptr + 3333812
14  chromedriver                        0x0000000100a5a9e0 cxxbridge1$str$ptr + 3450648
15  chromedriver                        0x0000000100a2f988 cxxbridge1$str$ptr + 3274432
16  chromedriver                        0x0000000100a750f4 cxxbridge1$str$ptr + 3558956
17  chromedriver                        0x0000000100a75270 cxxbridge1$str$ptr + 3559336
18  chromedriver                        0x0000000100a83f88 cxxbridge1$str$ptr + 3620032
19  libsystem_pthread.dylib             0x0000000182a2f2e4 _pthread_start + 136
20  libsystem_pthread.dylib             0x0000000182a2a0fc thread_start + 8

2024-11-20 15:22:40,401 - INFO - Processing results and updating DataFrame...
2024-11-20 15:22:41,911 - INFO - Scraping completed successfully
